[00:03:02] [Server thread/WARN]: Mismatch in destroy block pos: jb{x=-410, y=59, z=-473} jb{x=-411, y=60, z=-472}
[00:03:02] [Server thread/WARN]: Mismatch in destroy block pos: jb{x=-410, y=59, z=-473} jb{x=-411, y=60, z=-472}
[00:03:02] [Server thread/WARN]: Mismatch in destroy block pos: jb{x=-410, y=59, z=-473} jb{x=-411, y=60, z=-472}
[00:03:02] [Server thread/WARN]: Mismatch in destroy block pos: jb{x=-410, y=59, z=-473} jb{x=-411, y=60, z=-472}
[00:08:38] [Server thread/WARN]: Birch Boat (vehicle of alks99) moved wrongly! 0.2540843489977078
[00:08:38] [Server thread/WARN]: Birch Boat (vehicle of alks99) moved wrongly! 0.2523872221053125
[00:08:38] [Server thread/WARN]: Acacia Boat (vehicle of mohadmsm) moved wrongly! 0.2947240658627379
[00:08:38] [Server thread/WARN]: Acacia Boat (vehicle of mohadmsm) moved wrongly! 0.32420466819837657
[00:20:00] [Server thread/INFO]: alks99 lost connection: Disconnected
[00:20:00] [Server thread/INFO]: alks99 left the game
[00:49:48] [Server thread/INFO]: mohadmsm lost connection: Disconnected
[00:49:48] [Server thread/INFO]: mohadmsm left the game
[00:50:02] [Server thread/INFO]: mohadmsm[/10.144.249.172:53965] logged in with entity id 105617 at (-804.3000000119209, 63.0, -462.3435707237542)
[00:50:02] [Server thread/INFO]: mohadmsm joined the game
[01:03:03] [Server thread/INFO]: mohadmsm lost connection: Timed out
[01:03:03] [Server thread/INFO]: mohadmsm left the game
[01:03:03] [Server thread/WARN]: handleDisconnection() called twice
[01:03:23] [Server thread/INFO]: mohadmsm[/10.144.249.172:54026] logged in with entity id 112162 at (-808.4648469493106, 63.0, -466.3032623663424)
[01:03:23] [Server thread/INFO]: mohadmsm joined the game
[02:31:03] [Server thread/INFO]: Villager cuf['Villager'/127614, l='ServerLevel[world]', x=-823.65, y=72.88, z=-345.95] died, message: 'Villager was slain by Zombie'
[07:21:22] [Server thread/INFO]: mohadmsm lost connection: Disconnected
[07:21:22] [Server thread/INFO]: mohadmsm left the game
[07:22:22] [Server thread/INFO]: Server empty for 60 seconds, pausing
